-------------------------------------------------------------------------------
Test set: Account Page Feature
-------------------------------------------------------------------------------
Tests run: 1, Failures: 1, Errors: 0, Skipped: 0, Time elapsed: 22.91 s <<< FAILURE! - in Account Page Feature
Accounts page title(Account Page Feature)  Time elapsed: 22.91 s  <<< FAILURE!
java.lang.AssertionError

