-------------------------------------------------------------------------------
Test set: Google serch page validation
-------------------------------------------------------------------------------
Tests run: 2, Failures: 1, Errors: 0, Skipped: 0, Time elapsed: 34.778 s <<< FAILURE! - in Google serch page validation
Check the search box(Google serch page validation)  Time elapsed: 12.85 s  <<< FAILURE!
java.lang.AssertionError

